<?xml version="1.0" encoding="UTF-8"?>
<!-- Generated by org.testng.reporters.JUnitReportReporter -->
<testsuite hostname="Daniels-MacBook-Pro.local" failures="0" tests="1" name="tests.HandleAlerts" time="11.814" errors="0" timestamp="2021-01-07T15:48:20 GMT" skipped="0">
  <testcase classname="tests.HandleAlerts" name="Dismiss_Confirm" time="11.814"/>
  <system-out/>
</testsuite> <!-- tests.HandleAlerts -->
