<?xml version="1.0" encoding="UTF-8"?>
<!-- Generated by org.testng.reporters.JUnitReportReporter -->
<testsuite hostname="Daniels-MacBook-Pro.local" failures="0" tests="1" name="tests.HandleCalendar" time="29.200" errors="0" timestamp="2020-12-28T13:49:26 GMT" skipped="0">
  <testcase classname="tests.HandleCalendar" name="Verify_One_Way_Search" time="29.200"/>
  <system-out/>
</testsuite> <!-- tests.HandleCalendar -->
