<?xml version="1.0" encoding="UTF-8"?>
<!-- Generated by org.testng.reporters.JUnitReportReporter -->
<testsuite hostname="Daniels-MacBook-Pro.local" failures="0" tests="3" name="tests.HandleDataProviders" time="2.014" errors="0" timestamp="2020-12-28T13:41:58 GMT" skipped="0">
  <testcase classname="tests.HandleDataProviders" name="verifyMyntraProductAddToCart" time="0.495"/>
  <system-out/>
  <testcase classname="tests.HandleDataProviders" name="verifyMyntraProductAddToCart" time="1.115"/>
  <system-out/>
  <testcase classname="tests.HandleDataProviders" name="verifyMyntraProductAddToCart" time="0.404"/>
  <system-out/>
</testsuite> <!-- tests.HandleDataProviders -->
