<?xml version="1.0" encoding="UTF-8"?>
<!-- Generated by org.testng.reporters.JUnitReportReporter -->
<testsuite hostname="Daniels-MacBook-Pro.local" failures="0" tests="1" name="tests.HandleWebTable" time="646.209" errors="0" timestamp="2021-01-10T14:24:19 GMT" skipped="0">
  <testcase classname="tests.HandleWebTable" name="HandleWebTable" time="646.209"/>
  <system-out/>
</testsuite> <!-- tests.HandleWebTable -->
