<?xml version="1.0" encoding="UTF-8"?>
<!-- Generated by org.testng.reporters.JUnitReportReporter -->
<testsuite hostname="Daniels-MacBook-Pro.local" failures="0" tests="3" name="tests.Assignment2" time="2.670" errors="0" timestamp="2020-12-21T19:37:04 GMT" skipped="0">
  <testcase classname="tests.Assignment2" name="verifyMyntraProductAddToCart" time="0.575"/>
  <system-out/>
  <testcase classname="tests.Assignment2" name="verifyMyntraProductAddToCart" time="1.650"/>
  <system-out/>
  <testcase classname="tests.Assignment2" name="verifyMyntraProductAddToCart" time="0.445"/>
  <system-out/>
</testsuite> <!-- tests.Assignment2 -->
