<?xml version="1.0" encoding="UTF-8"?>
<!-- Generated by org.testng.reporters.JUnitReportReporter -->
<testsuite hostname="Daniels-MacBook-Pro.local" failures="0" tests="1" name="tests.HandleIFrames" time="34.089" errors="0" timestamp="2020-12-28T16:08:00 GMT" skipped="0">
  <testcase classname="tests.HandleIFrames" name="HandleIFrames" time="34.089"/>
  <system-out/>
</testsuite> <!-- tests.HandleIFrames -->
