<?xml version="1.0" encoding="UTF-8"?>
<!-- Generated by org.testng.reporters.JUnitReportReporter -->
<testsuite hostname="Daniels-MacBook-Pro.local" failures="0" tests="3" name="tests.HandleDataProviders" time="4.205" errors="0" timestamp="2021-01-07T15:15:51 GMT" skipped="0">
  <testcase classname="tests.HandleDataProviders" name="verifyMyntraProductAddToCart" time="1.838"/>
  <system-out/>
  <testcase classname="tests.HandleDataProviders" name="verifyMyntraProductAddToCart" time="1.441"/>
  <system-out/>
  <testcase classname="tests.HandleDataProviders" name="verifyMyntraProductAddToCart" time="0.926"/>
  <system-out/>
</testsuite> <!-- tests.HandleDataProviders -->
