<?xml version="1.0" encoding="UTF-8"?>
<!-- Generated by org.testng.reporters.JUnitReportReporter -->
<testsuite hostname="Daniels-MacBook-Pro.local" failures="0" tests="1" name="tests.HandleIFrames" time="36.953" errors="0" timestamp="2021-01-10T14:24:19 GMT" skipped="0">
  <testcase classname="tests.HandleIFrames" name="HandleIFrames" time="36.953"/>
  <system-out/>
</testsuite> <!-- tests.HandleIFrames -->
