<?xml version="1.0" encoding="UTF-8"?>
<!-- Generated by org.testng.reporters.JUnitReportReporter -->
<testsuite hostname="Daniels-MacBook-Pro.local" failures="0" tests="1" name="tests.HandleCalendar" time="27.595" errors="0" timestamp="2021-01-07T15:13:23 GMT" skipped="0">
  <testcase classname="tests.HandleCalendar" name="Verify_One_Way_Search" time="27.595"/>
  <system-out/>
</testsuite> <!-- tests.HandleCalendar -->
