<?xml version="1.0" encoding="UTF-8"?>
<!-- Generated by org.testng.reporters.JUnitReportReporter -->
<testsuite hostname="Daniels-MacBook-Pro.local" failures="0" tests="3" name="tests.Assignment2" time="2.363" errors="0" timestamp="2020-12-21T19:56:27 GMT" skipped="0">
  <testcase classname="tests.Assignment2" name="verifyMyntraProductAddToCart" time="1.439"/>
  <system-out/>
  <testcase classname="tests.Assignment2" name="verifyMyntraProductAddToCart" time="0.351"/>
  <system-out/>
  <testcase classname="tests.Assignment2" name="verifyMyntraProductAddToCart" time="0.573"/>
  <system-out/>
</testsuite> <!-- tests.Assignment2 -->
